<?xml version="1.0" encoding="UTF-8"?>
<!-- Generated by org.testng.reporters.JUnitXMLReporter -->
<testsuite ignored="0" hostname="DESKTOP-RVEU83B" failures="0" tests="4" name="PetTests" time="3.969" errors="0" timestamp="2022-11-06T16:56:31 PST">
  <testcase classname="api.test.UserTests" name="testPostUser" time="1.651"/>
  <testcase classname="api.test.UserTests" name="testGetUserByName" time="0.459"/>
  <testcase classname="api.test.UserTests" name="updateUserByName" time="0.902"/>
  <testcase classname="api.test.UserTests" name="testDeleteUserByName" time="0.626"/>
</testsuite> <!-- PetTests -->
